<?xml version="1.0" encoding="UTF-8"?>
<!-- Generated by org.testng.reporters.JUnitReportReporter -->
<testsuite hostname="HMECL-FS73VL3" failures="0" tests="1" name="testScripts.DynamicJson" time="1.372" errors="0" timestamp="2025-04-16T15:15:29 IST" skipped="0">
  <testcase classname="testScripts.DynamicJson" name="deleteTest" time="1.372"/>
</testsuite> <!-- testScripts.DynamicJson -->
