<?xml version="1.0" encoding="UTF-8"?>
<!-- Generated by org.testng.reporters.JUnitReportReporter -->
<testsuite hostname="HMECL-FS73VL3" failures="0" tests="4" name="testScripts.Jira_API" time="6.158" errors="0" timestamp="2025-04-18T23:13:53 IST" skipped="0">
  <testcase classname="testScripts.Jira_API" name="addAttachment" time="1.679"/>
  <testcase classname="testScripts.Jira_API" name="deleteAttachment" time="0.589"/>
  <testcase classname="testScripts.Jira_API" name="createBug" time="3.427"/>
  <testcase classname="testScripts.Jira_API" name="getBugOrissue" time="0.463"/>
</testsuite> <!-- testScripts.Jira_API -->
